e:\vs2015代码\数据结构\顺序表1\顺序表1\debug\vc140.pdb
e:\vs2015代码\数据结构\顺序表1\顺序表1\debug\vc140.idb
e:\vs2015代码\数据结构\顺序表1\顺序表1\debug\seqlist.obj
e:\vs2015代码\数据结构\顺序表1\顺序表1\debug\test.obj
e:\vs2015代码\数据结构\顺序表1\debug\顺序表1.pdb
e:\vs2015代码\数据结构\顺序表1\顺序表1\debug\顺序表1.tlog\cl.command.1.tlog
e:\vs2015代码\数据结构\顺序表1\顺序表1\debug\顺序表1.tlog\cl.read.1.tlog
e:\vs2015代码\数据结构\顺序表1\顺序表1\debug\顺序表1.tlog\cl.write.1.tlog
e:\vs2015代码\数据结构\顺序表1\顺序表1\debug\顺序表1.tlog\link-cvtres.read.1.tlog
e:\vs2015代码\数据结构\顺序表1\顺序表1\debug\顺序表1.tlog\link-cvtres.write.1.tlog
e:\vs2015代码\数据结构\顺序表1\顺序表1\debug\顺序表1.tlog\link-rc.read.1.tlog
e:\vs2015代码\数据结构\顺序表1\顺序表1\debug\顺序表1.tlog\link-rc.write.1.tlog
e:\vs2015代码\数据结构\顺序表1\顺序表1\debug\顺序表1.tlog\link.16396-cvtres.read.1.tlog
e:\vs2015代码\数据结构\顺序表1\顺序表1\debug\顺序表1.tlog\link.16396-cvtres.write.1.tlog
e:\vs2015代码\数据结构\顺序表1\顺序表1\debug\顺序表1.tlog\link.16396-rc.read.1.tlog
e:\vs2015代码\数据结构\顺序表1\顺序表1\debug\顺序表1.tlog\link.16396-rc.write.1.tlog
e:\vs2015代码\数据结构\顺序表1\顺序表1\debug\顺序表1.tlog\link.16396.read.1.tlog
e:\vs2015代码\数据结构\顺序表1\顺序表1\debug\顺序表1.tlog\link.16396.write.1.tlog
e:\vs2015代码\数据结构\顺序表1\顺序表1\debug\顺序表1.tlog\link.command.1.tlog
e:\vs2015代码\数据结构\顺序表1\顺序表1\debug\顺序表1.tlog\link.read.1.tlog
e:\vs2015代码\数据结构\顺序表1\顺序表1\debug\顺序表1.tlog\link.write.1.tlog
